<?xml version="1.0" encoding="UTF-8"?>
<testng-results ignored="0" total="1" passed="1" failed="0" skipped="0">
  <reporter-output>
    <line>
      <![CDATA[Running for verify user id]]>
    </line>
    <line>
      <![CDATA[logout the application]]>
    </line>
    <line>
      <![CDATA[Close the application]]>
    </line>
  </reporter-output>
  <suite started-at="2022-09-03T13:27:16 IST" name="Default suite" finished-at="2022-09-03T13:27:25 IST" duration-ms="9334">
    <groups>
    </groups>
    <test started-at="2022-09-03T13:27:16 IST" name="Default test" finished-at="2022-09-03T13:27:25 IST" duration-ms="9334">
      <class name="Test_Class">
        <test-method is-config="true" signature="openBrowser()[pri:0, instance:Test_Class@2b40ff9c]" started-at="2022-09-03T13:27:16 IST" name="openBrowser" finished-at="2022-09-03T13:27:22 IST" duration-ms="6178" status="PASS">
          <reporter-output>
          </reporter-output>
        </test-method> <!-- openBrowser -->
        <test-method is-config="true" signature="loginToApp()[pri:0, instance:Test_Class@2b40ff9c]" started-at="2022-09-03T13:27:22 IST" name="loginToApp" finished-at="2022-09-03T13:27:24 IST" duration-ms="2064" status="PASS">
          <reporter-output>
          </reporter-output>
        </test-method> <!-- loginToApp -->
        <test-method signature="verifyuserID()[pri:0, instance:Test_Class@2b40ff9c]" started-at="2022-09-03T13:27:24 IST" name="verifyuserID" finished-at="2022-09-03T13:27:25 IST" duration-ms="1040" status="PASS">
          <reporter-output>
            <line>
              <![CDATA[Running for verify user id]]>
            </line>
          </reporter-output>
        </test-method> <!-- verifyuserID -->
        <test-method is-config="true" signature="logoutApp()[pri:0, instance:Test_Class@2b40ff9c]" started-at="2022-09-03T13:27:25 IST" name="logoutApp" finished-at="2022-09-03T13:27:25 IST" duration-ms="1" status="PASS">
          <reporter-output>
            <line>
              <![CDATA[logout the application]]>
            </line>
          </reporter-output>
        </test-method> <!-- logoutApp -->
        <test-method is-config="true" signature="closeBrowser()[pri:0, instance:Test_Class@2b40ff9c]" started-at="2022-09-03T13:27:25 IST" name="closeBrowser" finished-at="2022-09-03T13:27:25 IST" duration-ms="0" status="PASS">
          <reporter-output>
            <line>
              <![CDATA[Close the application]]>
            </line>
          </reporter-output>
        </test-method> <!-- closeBrowser -->
      </class> <!-- Test_Class -->
    </test> <!-- Default test -->
  </suite> <!-- Default suite -->
</testng-results>
